<?xml version="1.0" encoding="UTF-8"?>
<!-- Generated by org.testng.reporters.JUnitReportReporter -->
<testsuite hostname="DESKTOP-OK061BU" name="PKG00.First" tests="1" failures="0" timestamp="10 Oct 2019 11:34:16 GMT" time="20.296" errors="0">
  <testcase name="login" time="20.296" classname="PKG00.First"/>
</testsuite> <!-- PKG00.First -->
